<?xml version="1.0" encoding="UTF-8"?>
<!-- Generated by org.testng.reporters.JUnitXMLReporter -->
<testsuite ignored="0" hostname="PBs-MacBook-Pro.local" failures="0" tests="4" name="Default test" time="14.703" errors="0" timestamp="30 Apr. 2019 16:59:03 GMT">
  <testcase classname="ca.walmart.qa.testcases.WalmartLogoTest" name="validatelogo" time="2.03"/>
  <testcase classname="ca.walmart.qa.testcases.WalmartLogoTest" name="EnterText" time="6.246"/>
  <testcase classname="ca.walmart.qa.testcases.WalmartLogoTest" name="logo" time="1.866"/>
  <testcase classname="ca.walmart.qa.testcases.WalmartLogoTest" name="verifysearchoption" time="0.015"/>
</testsuite> <!-- Default test -->
