<?xml version="1.0" encoding="UTF-8"?>
<testng-results ignored="0" total="5" passed="5" failed="0" skipped="0">
  <reporter-output>
  </reporter-output>
  <suite started-at="2019-04-30T20:06:43Z" name="Default suite" finished-at="2019-04-30T20:07:03Z" duration-ms="20248">
    <groups>
    </groups>
    <test started-at="2019-04-30T20:06:43Z" name="Default test" finished-at="2019-04-30T20:07:03Z" duration-ms="20248">
      <class name="ca.walmart.qa.testcases.Order">
        <test-method is-config="true" signature="setup()[pri:0, instance:ca.walmart.qa.testcases.Order@4ae3c1cd]" started-at="2019-04-30T16:06:43Z" name="setup" finished-at="2019-04-30T16:06:48Z" duration-ms="4977" status="PASS">
          <reporter-output>
          </reporter-output>
        </test-method> <!-- setup -->
        <test-method signature="EnterText()[pri:1, instance:ca.walmart.qa.testcases.Order@4ae3c1cd]" started-at="2019-04-30T16:06:48Z" name="EnterText" finished-at="2019-04-30T16:06:55Z" duration-ms="7474" status="PASS">
          <reporter-output>
          </reporter-output>
        </test-method> <!-- EnterText -->
        <test-method signature="logo()[pri:2, instance:ca.walmart.qa.testcases.Order@4ae3c1cd]" started-at="2019-04-30T16:06:55Z" name="logo" finished-at="2019-04-30T16:06:58Z" duration-ms="2252" status="PASS">
          <reporter-output>
          </reporter-output>
        </test-method> <!-- logo -->
        <test-method signature="addcart2()[pri:3, instance:ca.walmart.qa.testcases.Order@4ae3c1cd]" started-at="2019-04-30T16:06:58Z" name="addcart2" finished-at="2019-04-30T16:07:00Z" duration-ms="2082" status="PASS">
          <reporter-output>
          </reporter-output>
        </test-method> <!-- addcart2 -->
        <test-method signature="continueshop()[pri:4, instance:ca.walmart.qa.testcases.Order@4ae3c1cd]" started-at="2019-04-30T16:07:00Z" name="continueshop" finished-at="2019-04-30T16:07:03Z" duration-ms="3041" status="PASS">
          <reporter-output>
          </reporter-output>
        </test-method> <!-- continueshop -->
        <test-method signature="AssertCheckout()[pri:5, instance:ca.walmart.qa.testcases.Order@4ae3c1cd]" started-at="2019-04-30T16:07:03Z" name="AssertCheckout" finished-at="2019-04-30T16:07:03Z" duration-ms="313" status="PASS">
          <reporter-output>
          </reporter-output>
        </test-method> <!-- AssertCheckout -->
        <test-method is-config="true" signature="teardown()[pri:0, instance:ca.walmart.qa.testcases.Order@4ae3c1cd]" started-at="2019-04-30T16:07:03Z" name="teardown" finished-at="2019-04-30T16:07:03Z" duration-ms="89" status="PASS">
          <reporter-output>
          </reporter-output>
        </test-method> <!-- teardown -->
      </class> <!-- ca.walmart.qa.testcases.Order -->
    </test> <!-- Default test -->
  </suite> <!-- Default suite -->
</testng-results>
