<?xml version="1.0" encoding="UTF-8"?>
<testng-results ignored="0" total="4" passed="4" failed="0" skipped="0">
  <reporter-output>
  </reporter-output>
  <suite started-at="2019-04-30T16:58:43Z" name="Default suite" finished-at="2019-04-30T16:58:58Z" duration-ms="14703">
    <groups>
    </groups>
    <test started-at="2019-04-30T16:58:43Z" name="Default test" finished-at="2019-04-30T16:58:58Z" duration-ms="14703">
      <class name="ca.walmart.qa.testcases.WalmartLogoTest">
        <test-method is-config="true" signature="setup()[pri:0, instance:ca.walmart.qa.testcases.WalmartLogoTest@3bbc39f8]" started-at="2019-04-30T12:58:43Z" name="setup" finished-at="2019-04-30T12:58:48Z" duration-ms="4444" status="PASS">
          <reporter-output>
          </reporter-output>
        </test-method> <!-- setup -->
        <test-method signature="validatelogo()[pri:1, instance:ca.walmart.qa.testcases.WalmartLogoTest@3bbc39f8]" started-at="2019-04-30T12:58:48Z" name="validatelogo" finished-at="2019-04-30T12:58:50Z" duration-ms="2030" status="PASS">
          <reporter-output>
          </reporter-output>
        </test-method> <!-- validatelogo -->
        <test-method signature="EnterText()[pri:2, instance:ca.walmart.qa.testcases.WalmartLogoTest@3bbc39f8]" started-at="2019-04-30T12:58:50Z" name="EnterText" finished-at="2019-04-30T12:58:56Z" duration-ms="6246" status="PASS">
          <reporter-output>
          </reporter-output>
        </test-method> <!-- EnterText -->
        <test-method signature="logo()[pri:3, instance:ca.walmart.qa.testcases.WalmartLogoTest@3bbc39f8]" started-at="2019-04-30T12:58:56Z" name="logo" finished-at="2019-04-30T12:58:58Z" duration-ms="1866" status="PASS">
          <reporter-output>
          </reporter-output>
        </test-method> <!-- logo -->
        <test-method signature="verifysearchoption()[pri:4, instance:ca.walmart.qa.testcases.WalmartLogoTest@3bbc39f8]" started-at="2019-04-30T12:58:58Z" name="verifysearchoption" finished-at="2019-04-30T12:58:58Z" duration-ms="15" status="PASS">
          <reporter-output>
          </reporter-output>
        </test-method> <!-- verifysearchoption -->
        <test-method is-config="true" signature="teardown()[pri:0, instance:ca.walmart.qa.testcases.WalmartLogoTest@3bbc39f8]" started-at="2019-04-30T12:58:58Z" name="teardown" finished-at="2019-04-30T12:58:58Z" duration-ms="88" status="PASS">
          <reporter-output>
          </reporter-output>
        </test-method> <!-- teardown -->
      </class> <!-- ca.walmart.qa.testcases.WalmartLogoTest -->
    </test> <!-- Default test -->
  </suite> <!-- Default suite -->
</testng-results>
